{"message":"Connected to MongoDB","level":"info"}
{"message":"Connected to MongoDB","level":"info"}
{"message":"Connected to MongoDB","level":"info"}
{"name":"MongoParseError","level":"info","message":" Invalid port (larger than 65535) with hostname","stack":"MongoParseError: Invalid port (larger than 65535) with hostname\n    at D:\\torrents\\c1\\node-basics\\vidly\\node_modules\\mongodb\\lib\\core\\uri_parser.js:643:28\n    at Array.map (<anonymous>)\n    at parseConnectionString (D:\\torrents\\c1\\node-basics\\vidly\\node_modules\\mongodb\\lib\\core\\uri_parser.js:614:6)\n    at connect (D:\\torrents\\c1\\node-basics\\vidly\\node_modules\\mongodb\\lib\\operations\\connect.js:277:3)\n    at D:\\torrents\\c1\\node-basics\\vidly\\node_modules\\mongodb\\lib\\mongo_client.js:222:5\n    at maybePromise (D:\\torrents\\c1\\node-basics\\vidly\\node_modules\\mongodb\\lib\\utils.js:662:3)\n    at MongoClient.connect (D:\\torrents\\c1\\node-basics\\vidly\\node_modules\\mongodb\\lib\\mongo_client.js:218:10)\n    at D:\\torrents\\c1\\node-basics\\vidly\\node_modules\\mongoose\\lib\\connection.js:713:12\n    at new Promise (<anonymous>)\n    at NativeConnection.Connection.openUri (D:\\torrents\\c1\\node-basics\\vidly\\node_modules\\mongoose\\lib\\connection.js:710:19)\n    at Mongoose.connect (D:\\torrents\\c1\\node-basics\\vidly\\node_modules\\mongoose\\lib\\index.js:335:15)\n    at module.exports (D:\\torrents\\c1\\node-basics\\vidly\\startup\\db.js:7:8)\n    at Object.<anonymous> (D:\\torrents\\c1\\node-basics\\vidly\\index4.js:9:24)\n    at Module._compile (internal/modules/cjs/loader.js:1138:30)\n    at Object.Module._extensions..js (internal/modules/cjs/loader.js:1158:10)\n    at Module.load (internal/modules/cjs/loader.js:986:32)"}
{"level":"error","message":" Could not get the generes","stack":"Error: Could not get the generes\n    at D:\\torrents\\c1\\node-basics\\vidly\\routes\\generes.js:11:10\n    at newFn (D:\\torrents\\c1\\node-basics\\vidly\\node_modules\\express-async-errors\\index.js:16:20)\n    at Layer.handle [as handle_request] (D:\\torrents\\c1\\node-basics\\vidly\\node_modules\\express\\lib\\router\\layer.js:95:5)\n    at next (D:\\torrents\\c1\\node-basics\\vidly\\node_modules\\express\\lib\\router\\route.js:137:13)\n    at Route.dispatch (D:\\torrents\\c1\\node-basics\\vidly\\node_modules\\express\\lib\\router\\route.js:112:3)\n    at newFn (D:\\torrents\\c1\\node-basics\\vidly\\node_modules\\express-async-errors\\index.js:16:20)\n    at Layer.handle [as handle_request] (D:\\torrents\\c1\\node-basics\\vidly\\node_modules\\express\\lib\\router\\layer.js:95:5)\n    at D:\\torrents\\c1\\node-basics\\vidly\\node_modules\\express\\lib\\router\\index.js:281:22\n    at Function.process_params (D:\\torrents\\c1\\node-basics\\vidly\\node_modules\\express\\lib\\router\\index.js:335:12)\n    at next (D:\\torrents\\c1\\node-basics\\vidly\\node_modules\\express\\lib\\router\\index.js:275:10)\n    at Function.handle (D:\\torrents\\c1\\node-basics\\vidly\\node_modules\\express\\lib\\router\\index.js:174:3)\n    at router (D:\\torrents\\c1\\node-basics\\vidly\\node_modules\\express\\lib\\router\\index.js:47:12)\n    at newFn (D:\\torrents\\c1\\node-basics\\vidly\\node_modules\\express-async-errors\\index.js:16:20)\n    at Layer.handle [as handle_request] (D:\\torrents\\c1\\node-basics\\vidly\\node_modules\\express\\lib\\router\\layer.js:95:5)\n    at trim_prefix (D:\\torrents\\c1\\node-basics\\vidly\\node_modules\\express\\lib\\router\\index.js:317:13)\n    at D:\\torrents\\c1\\node-basics\\vidly\\node_modules\\express\\lib\\router\\index.js:284:7"}
{"message":" connect ECONNREFUSED 127.0.0.1:27019","reason":{"type":"Single","setName":null,"maxSetVersion":null,"maxElectionId":null,"servers":{},"stale":false,"compatible":true,"compatibilityError":null,"logicalSessionTimeoutMinutes":null,"heartbeatFrequencyMS":10000,"localThresholdMS":15,"commonWireVersion":null},"level":"info","stack":"MongooseServerSelectionError: connect ECONNREFUSED 127.0.0.1:27019\n    at NativeConnection.Connection.openUri (D:\\torrents\\c1\\node-basics\\vidly\\node_modules\\mongoose\\lib\\connection.js:827:32)\n    at Mongoose.connect (D:\\torrents\\c1\\node-basics\\vidly\\node_modules\\mongoose\\lib\\index.js:335:15)\n    at module.exports (D:\\torrents\\c1\\node-basics\\vidly\\startup\\db.js:7:8)\n    at Object.<anonymous> (D:\\torrents\\c1\\node-basics\\vidly\\index4.js:9:24)\n    at Module._compile (internal/modules/cjs/loader.js:1138:30)\n    at Object.Module._extensions..js (internal/modules/cjs/loader.js:1158:10)\n    at Module.load (internal/modules/cjs/loader.js:986:32)\n    at Function.Module._load (internal/modules/cjs/loader.js:879:14)\n    at Function.executeUserEntryPoint [as runMain] (internal/modules/run_main.js:71:12)\n    at internal/main/run_main_module.js:17:47"}
{"message":" connect ECONNREFUSED 127.0.0.1:27019","reason":{"type":"Single","setName":null,"maxSetVersion":null,"maxElectionId":null,"servers":{},"stale":false,"compatible":true,"compatibilityError":null,"logicalSessionTimeoutMinutes":null,"heartbeatFrequencyMS":10000,"localThresholdMS":15,"commonWireVersion":null},"level":"info","stack":"MongooseServerSelectionError: connect ECONNREFUSED 127.0.0.1:27019\n    at NativeConnection.Connection.openUri (D:\\torrents\\c1\\node-basics\\vidly\\node_modules\\mongoose\\lib\\connection.js:827:32)\n    at Mongoose.connect (D:\\torrents\\c1\\node-basics\\vidly\\node_modules\\mongoose\\lib\\index.js:335:15)\n    at module.exports (D:\\torrents\\c1\\node-basics\\vidly\\startup\\db.js:7:8)\n    at Object.<anonymous> (D:\\torrents\\c1\\node-basics\\vidly\\index4.js:9:24)\n    at Module._compile (internal/modules/cjs/loader.js:1138:30)\n    at Object.Module._extensions..js (internal/modules/cjs/loader.js:1158:10)\n    at Module.load (internal/modules/cjs/loader.js:986:32)\n    at Function.Module._load (internal/modules/cjs/loader.js:879:14)\n    at Function.executeUserEntryPoint [as runMain] (internal/modules/run_main.js:71:12)\n    at internal/main/run_main_module.js:17:47"}
{"message":"Connected to MongoDB","level":"info"}
{"message":" connect ECONNREFUSED 127.0.0.1:27017","reason":{"type":"Single","setName":null,"maxSetVersion":null,"maxElectionId":null,"servers":{},"stale":false,"compatible":true,"compatibilityError":null,"logicalSessionTimeoutMinutes":null,"heartbeatFrequencyMS":10000,"localThresholdMS":15,"commonWireVersion":null},"level":"info","stack":"MongooseServerSelectionError: connect ECONNREFUSED 127.0.0.1:27017\n    at NativeConnection.Connection.openUri (D:\\torrents\\c1\\node-basics\\vidly\\node_modules\\mongoose\\lib\\connection.js:827:32)\n    at Mongoose.connect (D:\\torrents\\c1\\node-basics\\vidly\\node_modules\\mongoose\\lib\\index.js:335:15)\n    at module.exports (D:\\torrents\\c1\\node-basics\\vidly\\startup\\db.js:7:8)\n    at Object.<anonymous> (D:\\torrents\\c1\\node-basics\\vidly\\index4.js:9:24)\n    at Module._compile (internal/modules/cjs/loader.js:1138:30)\n    at Object.Module._extensions..js (internal/modules/cjs/loader.js:1158:10)\n    at Module.load (internal/modules/cjs/loader.js:986:32)\n    at Function.Module._load (internal/modules/cjs/loader.js:879:14)\n    at Function.executeUserEntryPoint [as runMain] (internal/modules/run_main.js:71:12)\n    at internal/main/run_main_module.js:17:47"}
{"message":"Connected to MongoDB","level":"info"}
{"message":"Connected to MongoDB","level":"info"}
{"message":"Connected to MongoDB","level":"info"}
{"level":"info","message":" Could not get the generes","stack":"Error: Could not get the generes\n    at D:\\torrents\\c1\\node-basics\\vidly\\routes\\generes.js:11:10\n    at Layer.handle [as handle_request] (D:\\torrents\\c1\\node-basics\\vidly\\node_modules\\express\\lib\\router\\layer.js:95:5)\n    at next (D:\\torrents\\c1\\node-basics\\vidly\\node_modules\\express\\lib\\router\\route.js:137:13)\n    at Route.dispatch (D:\\torrents\\c1\\node-basics\\vidly\\node_modules\\express\\lib\\router\\route.js:112:3)\n    at Layer.handle [as handle_request] (D:\\torrents\\c1\\node-basics\\vidly\\node_modules\\express\\lib\\router\\layer.js:95:5)\n    at D:\\torrents\\c1\\node-basics\\vidly\\node_modules\\express\\lib\\router\\index.js:281:22\n    at Function.process_params (D:\\torrents\\c1\\node-basics\\vidly\\node_modules\\express\\lib\\router\\index.js:335:12)\n    at next (D:\\torrents\\c1\\node-basics\\vidly\\node_modules\\express\\lib\\router\\index.js:275:10)\n    at Function.handle (D:\\torrents\\c1\\node-basics\\vidly\\node_modules\\express\\lib\\router\\index.js:174:3)\n    at router (D:\\torrents\\c1\\node-basics\\vidly\\node_modules\\express\\lib\\router\\index.js:47:12)\n    at Layer.handle [as handle_request] (D:\\torrents\\c1\\node-basics\\vidly\\node_modules\\express\\lib\\router\\layer.js:95:5)\n    at trim_prefix (D:\\torrents\\c1\\node-basics\\vidly\\node_modules\\express\\lib\\router\\index.js:317:13)\n    at D:\\torrents\\c1\\node-basics\\vidly\\node_modules\\express\\lib\\router\\index.js:284:7\n    at Function.process_params (D:\\torrents\\c1\\node-basics\\vidly\\node_modules\\express\\lib\\router\\index.js:335:12)\n    at next (D:\\torrents\\c1\\node-basics\\vidly\\node_modules\\express\\lib\\router\\index.js:275:10)\n    at jsonParser (D:\\torrents\\c1\\node-basics\\vidly\\node_modules\\body-parser\\lib\\types\\json.js:110:7)"}
{"level":"info","message":" Could not get the generes","stack":"Error: Could not get the generes\n    at D:\\torrents\\c1\\node-basics\\vidly\\routes\\generes.js:11:10\n    at Layer.handle [as handle_request] (D:\\torrents\\c1\\node-basics\\vidly\\node_modules\\express\\lib\\router\\layer.js:95:5)\n    at next (D:\\torrents\\c1\\node-basics\\vidly\\node_modules\\express\\lib\\router\\route.js:137:13)\n    at Route.dispatch (D:\\torrents\\c1\\node-basics\\vidly\\node_modules\\express\\lib\\router\\route.js:112:3)\n    at Layer.handle [as handle_request] (D:\\torrents\\c1\\node-basics\\vidly\\node_modules\\express\\lib\\router\\layer.js:95:5)\n    at D:\\torrents\\c1\\node-basics\\vidly\\node_modules\\express\\lib\\router\\index.js:281:22\n    at Function.process_params (D:\\torrents\\c1\\node-basics\\vidly\\node_modules\\express\\lib\\router\\index.js:335:12)\n    at next (D:\\torrents\\c1\\node-basics\\vidly\\node_modules\\express\\lib\\router\\index.js:275:10)\n    at Function.handle (D:\\torrents\\c1\\node-basics\\vidly\\node_modules\\express\\lib\\router\\index.js:174:3)\n    at router (D:\\torrents\\c1\\node-basics\\vidly\\node_modules\\express\\lib\\router\\index.js:47:12)\n    at Layer.handle [as handle_request] (D:\\torrents\\c1\\node-basics\\vidly\\node_modules\\express\\lib\\router\\layer.js:95:5)\n    at trim_prefix (D:\\torrents\\c1\\node-basics\\vidly\\node_modules\\express\\lib\\router\\index.js:317:13)\n    at D:\\torrents\\c1\\node-basics\\vidly\\node_modules\\express\\lib\\router\\index.js:284:7\n    at Function.process_params (D:\\torrents\\c1\\node-basics\\vidly\\node_modules\\express\\lib\\router\\index.js:335:12)\n    at next (D:\\torrents\\c1\\node-basics\\vidly\\node_modules\\express\\lib\\router\\index.js:275:10)\n    at jsonParser (D:\\torrents\\c1\\node-basics\\vidly\\node_modules\\body-parser\\lib\\types\\json.js:110:7)"}
{"message":"Connected to MongoDB","level":"info"}
{"message":"Connected to MongoDB","level":"info"}
{"level":"info","message":" Could not get the generes","stack":"Error: Could not get the generes\n    at D:\\torrents\\c1\\node-basics\\vidly\\routes\\generes.js:11:10\n    at Layer.handle [as handle_request] (D:\\torrents\\c1\\node-basics\\vidly\\node_modules\\express\\lib\\router\\layer.js:95:5)\n    at next (D:\\torrents\\c1\\node-basics\\vidly\\node_modules\\express\\lib\\router\\route.js:137:13)\n    at Route.dispatch (D:\\torrents\\c1\\node-basics\\vidly\\node_modules\\express\\lib\\router\\route.js:112:3)\n    at Layer.handle [as handle_request] (D:\\torrents\\c1\\node-basics\\vidly\\node_modules\\express\\lib\\router\\layer.js:95:5)\n    at D:\\torrents\\c1\\node-basics\\vidly\\node_modules\\express\\lib\\router\\index.js:281:22\n    at Function.process_params (D:\\torrents\\c1\\node-basics\\vidly\\node_modules\\express\\lib\\router\\index.js:335:12)\n    at next (D:\\torrents\\c1\\node-basics\\vidly\\node_modules\\express\\lib\\router\\index.js:275:10)\n    at Function.handle (D:\\torrents\\c1\\node-basics\\vidly\\node_modules\\express\\lib\\router\\index.js:174:3)\n    at router (D:\\torrents\\c1\\node-basics\\vidly\\node_modules\\express\\lib\\router\\index.js:47:12)\n    at Layer.handle [as handle_request] (D:\\torrents\\c1\\node-basics\\vidly\\node_modules\\express\\lib\\router\\layer.js:95:5)\n    at trim_prefix (D:\\torrents\\c1\\node-basics\\vidly\\node_modules\\express\\lib\\router\\index.js:317:13)\n    at D:\\torrents\\c1\\node-basics\\vidly\\node_modules\\express\\lib\\router\\index.js:284:7\n    at Function.process_params (D:\\torrents\\c1\\node-basics\\vidly\\node_modules\\express\\lib\\router\\index.js:335:12)\n    at next (D:\\torrents\\c1\\node-basics\\vidly\\node_modules\\express\\lib\\router\\index.js:275:10)\n    at jsonParser (D:\\torrents\\c1\\node-basics\\vidly\\node_modules\\body-parser\\lib\\types\\json.js:110:7)"}
{"message":"Connected to MongoDB","level":"info"}
{"message":"Connected to MongoDB","level":"info"}
{"level":"info","message":" Could not get the generes","stack":"Error: Could not get the generes\n    at D:\\torrents\\c1\\node-basics\\vidly\\routes\\generes.js:11:10\n    at Layer.handle [as handle_request] (D:\\torrents\\c1\\node-basics\\vidly\\node_modules\\express\\lib\\router\\layer.js:95:5)\n    at next (D:\\torrents\\c1\\node-basics\\vidly\\node_modules\\express\\lib\\router\\route.js:137:13)\n    at Route.dispatch (D:\\torrents\\c1\\node-basics\\vidly\\node_modules\\express\\lib\\router\\route.js:112:3)\n    at Layer.handle [as handle_request] (D:\\torrents\\c1\\node-basics\\vidly\\node_modules\\express\\lib\\router\\layer.js:95:5)\n    at D:\\torrents\\c1\\node-basics\\vidly\\node_modules\\express\\lib\\router\\index.js:281:22\n    at Function.process_params (D:\\torrents\\c1\\node-basics\\vidly\\node_modules\\express\\lib\\router\\index.js:335:12)\n    at next (D:\\torrents\\c1\\node-basics\\vidly\\node_modules\\express\\lib\\router\\index.js:275:10)\n    at Function.handle (D:\\torrents\\c1\\node-basics\\vidly\\node_modules\\express\\lib\\router\\index.js:174:3)\n    at router (D:\\torrents\\c1\\node-basics\\vidly\\node_modules\\express\\lib\\router\\index.js:47:12)\n    at Layer.handle [as handle_request] (D:\\torrents\\c1\\node-basics\\vidly\\node_modules\\express\\lib\\router\\layer.js:95:5)\n    at trim_prefix (D:\\torrents\\c1\\node-basics\\vidly\\node_modules\\express\\lib\\router\\index.js:317:13)\n    at D:\\torrents\\c1\\node-basics\\vidly\\node_modules\\express\\lib\\router\\index.js:284:7\n    at Function.process_params (D:\\torrents\\c1\\node-basics\\vidly\\node_modules\\express\\lib\\router\\index.js:335:12)\n    at next (D:\\torrents\\c1\\node-basics\\vidly\\node_modules\\express\\lib\\router\\index.js:275:10)\n    at jsonParser (D:\\torrents\\c1\\node-basics\\vidly\\node_modules\\body-parser\\lib\\types\\json.js:110:7)"}
{"message":"Connected to MongoDB","level":"info"}
{"message":"Listening on port 3000...","level":"info"}
{"message":"Connected to MongoDB","level":"info"}
{"message":"Listening on port 3000...","level":"info"}
{"message":"Connected to MongoDB","level":"info"}
{"message":"Listening on port 3000...","level":"info"}
{"message":"Connected to MongoDB","level":"info"}
{"message":"Listening on port 3000...","level":"info"}
{"message":"Connected to MongoDB","level":"info"}
{"message":"Listening on port 3000...","level":"info"}
{"message":"Connected to MongoDB","level":"info"}
{"message":"Listening on port 3000...","level":"info"}
{"message":"Connected to MongoDB","level":"info"}
info: Listening on port 3000... {"label":"[my-label]","timestamp":"2020-08-12 15:57:01"}
info: Connected to MongoDB {"label":"[my-label]","timestamp":"2020-08-12 15:57:01"}

info: Listening on port 3000... {"label":"[my-label]","timestamp":"2020-08-12 15:57:41"}
info: Connected to MongoDB {"label":"[my-label]","timestamp":"2020-08-12 15:57:41"}
error:  Could not get the generes {"stack":"Error: Could not get the generes\n    at D:\\torrents\\c1\\node-basics\\vidly\\routes\\generes.js:11:10\n    at newFn (D:\\torrents\\c1\\node-basics\\vidly\\node_modules\\express-async-errors\\index.js:16:20)\n    at Layer.handle [as handle_request] (D:\\torrents\\c1\\node-basics\\vidly\\node_modules\\express\\lib\\router\\layer.js:95:5)\n    at next (D:\\torrents\\c1\\node-basics\\vidly\\node_modules\\express\\lib\\router\\route.js:137:13)\n    at Route.dispatch (D:\\torrents\\c1\\node-basics\\vidly\\node_modules\\express\\lib\\router\\route.js:112:3)\n    at newFn (D:\\torrents\\c1\\node-basics\\vidly\\node_modules\\express-async-errors\\index.js:16:20)\n    at Layer.handle [as handle_request] (D:\\torrents\\c1\\node-basics\\vidly\\node_modules\\express\\lib\\router\\layer.js:95:5)\n    at D:\\torrents\\c1\\node-basics\\vidly\\node_modules\\express\\lib\\router\\index.js:281:22\n    at Function.process_params (D:\\torrents\\c1\\node-basics\\vidly\\node_modules\\express\\lib\\router\\index.js:335:12)\n    at next (D:\\torrents\\c1\\node-basics\\vidly\\node_modules\\express\\lib\\router\\index.js:275:10)\n    at Function.handle (D:\\torrents\\c1\\node-basics\\vidly\\node_modules\\express\\lib\\router\\index.js:174:3)\n    at router (D:\\torrents\\c1\\node-basics\\vidly\\node_modules\\express\\lib\\router\\index.js:47:12)\n    at newFn (D:\\torrents\\c1\\node-basics\\vidly\\node_modules\\express-async-errors\\index.js:16:20)\n    at Layer.handle [as handle_request] (D:\\torrents\\c1\\node-basics\\vidly\\node_modules\\express\\lib\\router\\layer.js:95:5)\n    at trim_prefix (D:\\torrents\\c1\\node-basics\\vidly\\node_modules\\express\\lib\\router\\index.js:317:13)\n    at D:\\torrents\\c1\\node-basics\\vidly\\node_modules\\express\\lib\\router\\index.js:284:7","label":"[my-label]","timestamp":"2020-08-12 15:57:53"}
info: Listening on port 3000... {"label":"[my-label]","timestamp":"2020-08-12 15:59:51"}
info: Connected to MongoDB {"label":"[my-label]","timestamp":"2020-08-12 15:59:51"}
error:  Could not get the generes {"stack":"Error: Could not get the generes\n    at D:\\torrents\\c1\\node-basics\\vidly\\routes\\generes.js:11:10\n    at newFn (D:\\torrents\\c1\\node-basics\\vidly\\node_modules\\express-async-errors\\index.js:16:20)\n    at Layer.handle [as handle_request] (D:\\torrents\\c1\\node-basics\\vidly\\node_modules\\express\\lib\\router\\layer.js:95:5)\n    at next (D:\\torrents\\c1\\node-basics\\vidly\\node_modules\\express\\lib\\router\\route.js:137:13)\n    at Route.dispatch (D:\\torrents\\c1\\node-basics\\vidly\\node_modules\\express\\lib\\router\\route.js:112:3)\n    at newFn (D:\\torrents\\c1\\node-basics\\vidly\\node_modules\\express-async-errors\\index.js:16:20)\n    at Layer.handle [as handle_request] (D:\\torrents\\c1\\node-basics\\vidly\\node_modules\\express\\lib\\router\\layer.js:95:5)\n    at D:\\torrents\\c1\\node-basics\\vidly\\node_modules\\express\\lib\\router\\index.js:281:22\n    at Function.process_params (D:\\torrents\\c1\\node-basics\\vidly\\node_modules\\express\\lib\\router\\index.js:335:12)\n    at next (D:\\torrents\\c1\\node-basics\\vidly\\node_modules\\express\\lib\\router\\index.js:275:10)\n    at Function.handle (D:\\torrents\\c1\\node-basics\\vidly\\node_modules\\express\\lib\\router\\index.js:174:3)\n    at router (D:\\torrents\\c1\\node-basics\\vidly\\node_modules\\express\\lib\\router\\index.js:47:12)\n    at newFn (D:\\torrents\\c1\\node-basics\\vidly\\node_modules\\express-async-errors\\index.js:16:20)\n    at Layer.handle [as handle_request] (D:\\torrents\\c1\\node-basics\\vidly\\node_modules\\express\\lib\\router\\layer.js:95:5)\n    at trim_prefix (D:\\torrents\\c1\\node-basics\\vidly\\node_modules\\express\\lib\\router\\index.js:317:13)\n    at D:\\torrents\\c1\\node-basics\\vidly\\node_modules\\express\\lib\\router\\index.js:284:7","label":"[my-label]","timestamp":"2020-08-12 15:59:55"}
info: Listening on port 3000... {"timestamp":"2020-08-12 16:01:05"}
info: Connected to MongoDB {"timestamp":"2020-08-12 16:01:05"}
error:  Could not get the generes {"stack":"Error: Could not get the generes\n    at D:\\torrents\\c1\\node-basics\\vidly\\routes\\generes.js:11:10\n    at newFn (D:\\torrents\\c1\\node-basics\\vidly\\node_modules\\express-async-errors\\index.js:16:20)\n    at Layer.handle [as handle_request] (D:\\torrents\\c1\\node-basics\\vidly\\node_modules\\express\\lib\\router\\layer.js:95:5)\n    at next (D:\\torrents\\c1\\node-basics\\vidly\\node_modules\\express\\lib\\router\\route.js:137:13)\n    at Route.dispatch (D:\\torrents\\c1\\node-basics\\vidly\\node_modules\\express\\lib\\router\\route.js:112:3)\n    at newFn (D:\\torrents\\c1\\node-basics\\vidly\\node_modules\\express-async-errors\\index.js:16:20)\n    at Layer.handle [as handle_request] (D:\\torrents\\c1\\node-basics\\vidly\\node_modules\\express\\lib\\router\\layer.js:95:5)\n    at D:\\torrents\\c1\\node-basics\\vidly\\node_modules\\express\\lib\\router\\index.js:281:22\n    at Function.process_params (D:\\torrents\\c1\\node-basics\\vidly\\node_modules\\express\\lib\\router\\index.js:335:12)\n    at next (D:\\torrents\\c1\\node-basics\\vidly\\node_modules\\express\\lib\\router\\index.js:275:10)\n    at Function.handle (D:\\torrents\\c1\\node-basics\\vidly\\node_modules\\express\\lib\\router\\index.js:174:3)\n    at router (D:\\torrents\\c1\\node-basics\\vidly\\node_modules\\express\\lib\\router\\index.js:47:12)\n    at newFn (D:\\torrents\\c1\\node-basics\\vidly\\node_modules\\express-async-errors\\index.js:16:20)\n    at Layer.handle [as handle_request] (D:\\torrents\\c1\\node-basics\\vidly\\node_modules\\express\\lib\\router\\layer.js:95:5)\n    at trim_prefix (D:\\torrents\\c1\\node-basics\\vidly\\node_modules\\express\\lib\\router\\index.js:317:13)\n    at D:\\torrents\\c1\\node-basics\\vidly\\node_modules\\express\\lib\\router\\index.js:284:7","timestamp":"2020-08-12 16:01:21"}
info: Listening on port 3000... {"timestamp":"2020-08-12 16:02:36"}
info: Connected to MongoDB {"timestamp":"2020-08-12 16:02:36"}
error:  db is not defined {"stack":"ReferenceError: db is not defined\n    at module.exports (D:\\torrents\\c1\\node-basics\\vidly\\startup\\db.js:6:41)\n    at Object.<anonymous> (D:\\torrents\\c1\\node-basics\\vidly\\index4.js:6:24)\n    at Module._compile (internal/modules/cjs/loader.js:1138:30)\n    at Object.Module._extensions..js (internal/modules/cjs/loader.js:1158:10)\n    at Module.load (internal/modules/cjs/loader.js:986:32)\n    at Function.Module._load (internal/modules/cjs/loader.js:879:14)\n    at Function.executeUserEntryPoint [as runMain] (internal/modules/run_main.js:71:12)\n    at internal/main/run_main_module.js:17:47","timestamp":"2020-08-14 11:57:46"}
error:  db is not defined {"stack":"ReferenceError: db is not defined\n    at module.exports (D:\\torrents\\c1\\node-basics\\vidly\\startup\\db.js:6:41)\n    at Object.<anonymous> (D:\\torrents\\c1\\node-basics\\vidly\\index4.js:6:24)\n    at Module._compile (internal/modules/cjs/loader.js:1138:30)\n    at Object.Module._extensions..js (internal/modules/cjs/loader.js:1158:10)\n    at Module.load (internal/modules/cjs/loader.js:986:32)\n    at Function.Module._load (internal/modules/cjs/loader.js:879:14)\n    at Function.executeUserEntryPoint [as runMain] (internal/modules/run_main.js:71:12)\n    at internal/main/run_main_module.js:17:47","timestamp":"2020-08-14 11:57:59"}
info: Listening on port 3000... {"timestamp":"2020-08-14 11:58:18"}
info: Connected to mongodb://localhost:27017/vidly_tests {"timestamp":"2020-08-14 11:58:18"}
info: Listening on port 3000... {"timestamp":"2020-08-14 12:10:03"}
error:  Could not get the generes {"stack":"Error: Could not get the generes\n    at D:\\torrents\\c1\\node-basics\\vidly\\routes\\generes.js:11:10\n    at newFn (D:\\torrents\\c1\\node-basics\\vidly\\node_modules\\express-async-errors\\index.js:16:20)\n    at Layer.handle [as handle_request] (D:\\torrents\\c1\\node-basics\\vidly\\node_modules\\express\\lib\\router\\layer.js:95:5)\n    at next (D:\\torrents\\c1\\node-basics\\vidly\\node_modules\\express\\lib\\router\\route.js:137:13)\n    at Route.dispatch (D:\\torrents\\c1\\node-basics\\vidly\\node_modules\\express\\lib\\router\\route.js:112:3)\n    at newFn (D:\\torrents\\c1\\node-basics\\vidly\\node_modules\\express-async-errors\\index.js:16:20)\n    at Layer.handle [as handle_request] (D:\\torrents\\c1\\node-basics\\vidly\\node_modules\\express\\lib\\router\\layer.js:95:5)\n    at D:\\torrents\\c1\\node-basics\\vidly\\node_modules\\express\\lib\\router\\index.js:281:22\n    at Function.process_params (D:\\torrents\\c1\\node-basics\\vidly\\node_modules\\express\\lib\\router\\index.js:335:12)\n    at next (D:\\torrents\\c1\\node-basics\\vidly\\node_modules\\express\\lib\\router\\index.js:275:10)\n    at Function.handle (D:\\torrents\\c1\\node-basics\\vidly\\node_modules\\express\\lib\\router\\index.js:174:3)\n    at router (D:\\torrents\\c1\\node-basics\\vidly\\node_modules\\express\\lib\\router\\index.js:47:12)\n    at newFn (D:\\torrents\\c1\\node-basics\\vidly\\node_modules\\express-async-errors\\index.js:16:20)\n    at Layer.handle [as handle_request] (D:\\torrents\\c1\\node-basics\\vidly\\node_modules\\express\\lib\\router\\layer.js:95:5)\n    at trim_prefix (D:\\torrents\\c1\\node-basics\\vidly\\node_modules\\express\\lib\\router\\index.js:317:13)\n    at D:\\torrents\\c1\\node-basics\\vidly\\node_modules\\express\\lib\\router\\index.js:284:7\n    at Function.process_params (D:\\torrents\\c1\\node-basics\\vidly\\node_modules\\express\\lib\\router\\index.js:335:12)\n    at next (D:\\torrents\\c1\\node-basics\\vidly\\node_modules\\express\\lib\\router\\index.js:275:10)\n    at jsonParser (D:\\torrents\\c1\\node-basics\\vidly\\node_modules\\body-parser\\lib\\types\\json.js:110:7)\n    at newFn (D:\\torrents\\c1\\node-basics\\vidly\\node_modules\\express-async-errors\\index.js:16:20)\n    at Layer.handle [as handle_request] (D:\\torrents\\c1\\node-basics\\vidly\\node_modules\\express\\lib\\router\\layer.js:95:5)\n    at trim_prefix (D:\\torrents\\c1\\node-basics\\vidly\\node_modules\\express\\lib\\router\\index.js:317:13)\n    at D:\\torrents\\c1\\node-basics\\vidly\\node_modules\\express\\lib\\router\\index.js:284:7\n    at Function.process_params (D:\\torrents\\c1\\node-basics\\vidly\\node_modules\\express\\lib\\router\\index.js:335:12)\n    at next (D:\\torrents\\c1\\node-basics\\vidly\\node_modules\\express\\lib\\router\\index.js:275:10)\n    at expressInit (D:\\torrents\\c1\\node-basics\\vidly\\node_modules\\express\\lib\\middleware\\init.js:40:5)\n    at newFn (D:\\torrents\\c1\\node-basics\\vidly\\node_modules\\express-async-errors\\index.js:16:20)\n    at Layer.handle [as handle_request] (D:\\torrents\\c1\\node-basics\\vidly\\node_modules\\express\\lib\\router\\layer.js:95:5)\n    at trim_prefix (D:\\torrents\\c1\\node-basics\\vidly\\node_modules\\express\\lib\\router\\index.js:317:13)\n    at D:\\torrents\\c1\\node-basics\\vidly\\node_modules\\express\\lib\\router\\index.js:284:7\n    at Function.process_params (D:\\torrents\\c1\\node-basics\\vidly\\node_modules\\express\\lib\\router\\index.js:335:12)\n    at next (D:\\torrents\\c1\\node-basics\\vidly\\node_modules\\express\\lib\\router\\index.js:275:10)\n    at query (D:\\torrents\\c1\\node-basics\\vidly\\node_modules\\express\\lib\\middleware\\query.js:45:5)\n    at newFn (D:\\torrents\\c1\\node-basics\\vidly\\node_modules\\express-async-errors\\index.js:16:20)\n    at Layer.handle [as handle_request] (D:\\torrents\\c1\\node-basics\\vidly\\node_modules\\express\\lib\\router\\layer.js:95:5)\n    at trim_prefix (D:\\torrents\\c1\\node-basics\\vidly\\node_modules\\express\\lib\\router\\index.js:317:13)\n    at D:\\torrents\\c1\\node-basics\\vidly\\node_modules\\express\\lib\\router\\index.js:284:7\n    at Function.process_params (D:\\torrents\\c1\\node-basics\\vidly\\node_modules\\express\\lib\\router\\index.js:335:12)\n    at next (D:\\torrents\\c1\\node-basics\\vidly\\node_modules\\express\\lib\\router\\index.js:275:10)\n    at Function.handle (D:\\torrents\\c1\\node-basics\\vidly\\node_modules\\express\\lib\\router\\index.js:174:3)\n    at Function.handle (D:\\torrents\\c1\\node-basics\\vidly\\node_modules\\express\\lib\\application.js:174:10)\n    at Server.app (D:\\torrents\\c1\\node-basics\\vidly\\node_modules\\express\\lib\\express.js:39:9)\n    at Server.emit (events.js:315:20)\n    at parserOnIncoming (_http_server.js:790:12)\n    at HTTPParser.parserOnHeadersComplete (_http_common.js:119:17)","timestamp":"2020-08-14 12:10:03"}
info: Connected to mongodb://localhost:27017/vidly {"timestamp":"2020-08-14 12:10:03"}
info: Listening on port 3000... {"timestamp":"2020-08-14 12:15:16"}
info: Connected to mongodb://localhost:27017/vidly_tests {"timestamp":"2020-08-14 12:15:16"}
error:  Could not get the generes {"stack":"Error: Could not get the generes\n    at D:\\torrents\\c1\\node-basics\\vidly\\routes\\generes.js:11:10\n    at newFn (D:\\torrents\\c1\\node-basics\\vidly\\node_modules\\express-async-errors\\index.js:16:20)\n    at Layer.handle [as handle_request] (D:\\torrents\\c1\\node-basics\\vidly\\node_modules\\express\\lib\\router\\layer.js:95:5)\n    at next (D:\\torrents\\c1\\node-basics\\vidly\\node_modules\\express\\lib\\router\\route.js:137:13)\n    at Route.dispatch (D:\\torrents\\c1\\node-basics\\vidly\\node_modules\\express\\lib\\router\\route.js:112:3)\n    at newFn (D:\\torrents\\c1\\node-basics\\vidly\\node_modules\\express-async-errors\\index.js:16:20)\n    at Layer.handle [as handle_request] (D:\\torrents\\c1\\node-basics\\vidly\\node_modules\\express\\lib\\router\\layer.js:95:5)\n    at D:\\torrents\\c1\\node-basics\\vidly\\node_modules\\express\\lib\\router\\index.js:281:22\n    at Function.process_params (D:\\torrents\\c1\\node-basics\\vidly\\node_modules\\express\\lib\\router\\index.js:335:12)\n    at next (D:\\torrents\\c1\\node-basics\\vidly\\node_modules\\express\\lib\\router\\index.js:275:10)\n    at Function.handle (D:\\torrents\\c1\\node-basics\\vidly\\node_modules\\express\\lib\\router\\index.js:174:3)\n    at router (D:\\torrents\\c1\\node-basics\\vidly\\node_modules\\express\\lib\\router\\index.js:47:12)\n    at newFn (D:\\torrents\\c1\\node-basics\\vidly\\node_modules\\express-async-errors\\index.js:16:20)\n    at Layer.handle [as handle_request] (D:\\torrents\\c1\\node-basics\\vidly\\node_modules\\express\\lib\\router\\layer.js:95:5)\n    at trim_prefix (D:\\torrents\\c1\\node-basics\\vidly\\node_modules\\express\\lib\\router\\index.js:317:13)\n    at D:\\torrents\\c1\\node-basics\\vidly\\node_modules\\express\\lib\\router\\index.js:284:7","timestamp":"2020-08-14 12:15:28"}
info: Listening on port 3000... {"timestamp":"2020-08-14 12:15:43"}
info: Connected to mongodb://localhost:27017/vidly_tests {"timestamp":"2020-08-14 12:15:43"}
info: Listening on port 3000... {"timestamp":"2020-08-14 12:16:16"}
info: Connected to mongodb://localhost:27017/vidly {"timestamp":"2020-08-14 12:16:16"}
info: Listening on port 3000... {"timestamp":"2020-08-14 12:19:57"}
info: Connected to mongodb://localhost:27017/vidly {"timestamp":"2020-08-14 12:19:57"}
info: Connected to mongodb://localhost:27017/vidly {"timestamp":"2020-08-14 12:21:30"}
info: Listening on port 3000... {"timestamp":"2020-08-14 12:21:30"}
info: Connected to mongodb://localhost:27017/vidly {"timestamp":"2020-08-14 12:21:46"}
info: Listening on port 3000... {"timestamp":"2020-08-14 12:21:46"}
info: Listening on port 3000... {"timestamp":"2020-08-14 12:23:46"}
info: Connected to mongodb://localhost:27017/vidly {"timestamp":"2020-08-14 12:23:46"}
info: Listening on port 3000... {"timestamp":"2020-08-14 12:24:35"}
info: Connected to mongodb://localhost:27017/vidly_tests {"timestamp":"2020-08-14 12:24:35"}
info: Listening on port 3000... {"timestamp":"2020-08-14 12:24:41"}
info: Connected to mongodb://localhost:27017/vidly_tests {"timestamp":"2020-08-14 12:24:42"}
info: Listening on port 3000... {"timestamp":"2020-08-14 12:26:11"}
info: Connected to mongodb://localhost:27017/vidly_tests {"timestamp":"2020-08-14 12:26:11"}
info: Listening on port 3000... {"timestamp":"2020-08-14 12:28:11"}
info: Connected to mongodb://localhost:27017/vidly_tests {"timestamp":"2020-08-14 12:28:11"}
info: Listening on port 3000... {"timestamp":"2020-08-14 12:28:29"}
info: Connected to mongodb://localhost:27017/vidly_tests {"timestamp":"2020-08-14 12:28:29"}
info: Listening on port 3000... {"timestamp":"2020-08-14 13:44:26"}
info: Connected to mongodb://localhost:27017/vidly_tests {"timestamp":"2020-08-14 13:44:26"}
info: Listening on port 3000... {"timestamp":"2020-08-15 17:59:41"}
info: Connected to mongodb://localhost:27017/vidly_tests {"timestamp":"2020-08-15 17:59:41"}
info: Listening on port 3000... {"timestamp":"2020-08-15 18:00:24"}
info: Connected to mongodb://localhost:27017/vidly_tests {"timestamp":"2020-08-15 18:00:24"}
info: Listening on port 3000... {"timestamp":"2020-08-15 18:01:31"}
info: Connected to mongodb://localhost:27017/vidly_tests {"timestamp":"2020-08-15 18:01:31"}
error:  Cast to ObjectId failed for value "1" at path "_id" for model "Genere" {"stringValue":"\"1\"","kind":"ObjectId","value":"1","path":"_id","reason":{},"stack":"CastError: Cast to ObjectId failed for value \"1\" at path \"_id\" for model \"Genere\"\n    at model.Query.exec (D:\\torrents\\c1\\node-basics\\vidly\\node_modules\\mongoose\\lib\\query.js:4351:21)\n    at model.Query.Query.then (D:\\torrents\\c1\\node-basics\\vidly\\node_modules\\mongoose\\lib\\query.js:4443:15)\n    at processTicksAndRejections (internal/process/task_queues.js:97:5)","timestamp":"2020-08-15 18:01:31"}
info: Listening on port 3000... {"timestamp":"2020-08-31 16:46:18"}
info: Connected to mongodb://localhost:27017/vidly_tests {"timestamp":"2020-08-31 16:46:18"}
info: Connected to mongodb://localhost:27017/vidly_tests {"timestamp":"2020-08-31 16:46:18"}
info: Listening on port 3000... {"timestamp":"2020-08-31 16:46:18"}
info: Listening on port 3000... {"timestamp":"2020-08-31 16:47:04"}
info: Connected to mongodb://localhost:27017/vidly_tests {"timestamp":"2020-08-31 16:47:05"}
info: Listening on port 3000... {"timestamp":"2020-08-31 16:47:05"}
info: Connected to mongodb://localhost:27017/vidly_tests {"timestamp":"2020-08-31 16:47:05"}
info: Listening on port 3000... {"timestamp":"2020-08-31 16:47:19"}
info: Connected to mongodb://localhost:27017/vidly_tests {"timestamp":"2020-08-31 16:47:19"}
info: Listening on port 3000... {"timestamp":"2020-08-31 16:47:20"}
info: Connected to mongodb://localhost:27017/vidly_tests {"timestamp":"2020-08-31 16:47:20"}
info: Listening on port 3000... {"timestamp":"2020-08-31 16:48:53"}
info: Connected to mongodb://localhost:27017/vidly_tests {"timestamp":"2020-08-31 16:48:53"}
info: Listening on port 3000... {"timestamp":"2020-08-31 16:48:54"}
info: Connected to mongodb://localhost:27017/vidly_tests {"timestamp":"2020-08-31 16:48:54"}
info: Listening on port 3000... {"timestamp":"2020-08-31 16:49:04"}
info: Connected to mongodb://localhost:27017/vidly_tests {"timestamp":"2020-08-31 16:49:04"}
info: Connected to mongodb://localhost:27017/vidly_tests {"timestamp":"2020-08-31 16:49:04"}
info: Listening on port 3000... {"timestamp":"2020-08-31 16:49:04"}
info: Listening on port 3000... {"timestamp":"2020-08-31 16:49:18"}
info: Connected to mongodb://localhost:27017/vidly_tests {"timestamp":"2020-08-31 16:49:18"}
info: Listening on port 3000... {"timestamp":"2020-08-31 16:49:19"}
info: Connected to mongodb://localhost:27017/vidly_tests {"timestamp":"2020-08-31 16:49:19"}
info: Listening on port 3000... {"timestamp":"2020-08-31 16:50:05"}
info: Connected to mongodb://localhost:27017/vidly_tests {"timestamp":"2020-08-31 16:50:05"}
info: Connected to mongodb://localhost:27017/vidly_tests {"timestamp":"2020-08-31 16:50:05"}
info: Listening on port 3000... {"timestamp":"2020-08-31 16:50:05"}
info: Listening on port 3000... {"timestamp":"2020-08-31 16:50:48"}
info: Connected to mongodb://localhost:27017/vidly_tests {"timestamp":"2020-08-31 16:50:48"}
info: Connected to mongodb://localhost:27017/vidly_tests {"timestamp":"2020-08-31 16:50:48"}
info: Listening on port 3000... {"timestamp":"2020-08-31 16:50:48"}
info: Listening on port 3000... {"timestamp":"2020-08-31 16:54:09"}
info: Connected to mongodb://localhost:27017/vidly_tests {"timestamp":"2020-08-31 16:54:09"}
info: Connected to mongodb://localhost:27017/vidly_tests {"timestamp":"2020-08-31 16:54:09"}
info: Listening on port 3000... {"timestamp":"2020-08-31 16:54:09"}
info: Listening on port 3000... {"timestamp":"2020-08-31 16:54:18"}
info: Connected to mongodb://localhost:27017/vidly_tests {"timestamp":"2020-08-31 16:54:18"}
info: Listening on port 3000... {"timestamp":"2020-08-31 16:54:18"}
info: Connected to mongodb://localhost:27017/vidly_tests {"timestamp":"2020-08-31 16:54:18"}
info: Listening on port 3000... {"timestamp":"2020-08-31 16:58:49"}
info: Connected to mongodb://localhost:27017/vidly_tests {"timestamp":"2020-08-31 16:58:49"}
info: Connected to mongodb://localhost:27017/vidly_tests {"timestamp":"2020-08-31 16:58:49"}
info: Listening on port 3000... {"timestamp":"2020-08-31 16:58:49"}
info: Listening on port 3000... {"timestamp":"2020-08-31 16:59:48"}
info: Connected to mongodb://localhost:27017/vidly_tests {"timestamp":"2020-08-31 16:59:48"}
info: Listening on port 3000... {"timestamp":"2020-08-31 16:59:49"}
info: Connected to mongodb://localhost:27017/vidly_tests {"timestamp":"2020-08-31 16:59:49"}
info: Listening on port 3000... {"timestamp":"2020-08-31 17:02:21"}
info: Connected to mongodb://localhost:27017/vidly_tests {"timestamp":"2020-08-31 17:02:21"}
info: Listening on port 3000... {"timestamp":"2020-08-31 17:02:21"}
info: Connected to mongodb://localhost:27017/vidly_tests {"timestamp":"2020-08-31 17:02:21"}
info: Listening on port 3000... {"timestamp":"2020-08-31 17:03:13"}
info: Connected to mongodb://localhost:27017/vidly_tests {"timestamp":"2020-08-31 17:03:13"}
info: Listening on port 3000... {"timestamp":"2020-08-31 17:03:13"}
info: Connected to mongodb://localhost:27017/vidly_tests {"timestamp":"2020-08-31 17:03:13"}
info: Listening on port 3000... {"timestamp":"2020-08-31 17:04:15"}
info: Connected to mongodb://localhost:27017/vidly_tests {"timestamp":"2020-08-31 17:04:15"}
info: Connected to mongodb://localhost:27017/vidly_tests {"timestamp":"2020-08-31 17:04:15"}
info: Listening on port 3000... {"timestamp":"2020-08-31 17:04:15"}
info: Listening on port 3000... {"timestamp":"2020-08-31 17:05:38"}
info: Connected to mongodb://localhost:27017/vidly_tests {"timestamp":"2020-08-31 17:05:38"}
info: Listening on port 3000... {"timestamp":"2020-08-31 17:05:39"}
info: Connected to mongodb://localhost:27017/vidly_tests {"timestamp":"2020-08-31 17:05:39"}
info: Listening on port 3000... {"timestamp":"2020-08-31 17:07:43"}
info: Connected to mongodb://localhost:27017/vidly_tests {"timestamp":"2020-08-31 17:07:43"}
info: Listening on port 3000... {"timestamp":"2020-08-31 17:07:44"}
info: Connected to mongodb://localhost:27017/vidly_tests {"timestamp":"2020-08-31 17:07:44"}
info: Listening on port 3000... {"timestamp":"2020-08-31 17:09:05"}
info: Connected to mongodb://localhost:27017/vidly_tests {"timestamp":"2020-08-31 17:09:05"}
info: Listening on port 3000... {"timestamp":"2020-08-31 17:09:06"}
info: Connected to mongodb://localhost:27017/vidly_tests {"timestamp":"2020-08-31 17:09:06"}
info: Listening on port 3000... {"timestamp":"2020-08-31 17:10:12"}
info: Connected to mongodb://localhost:27017/vidly_tests {"timestamp":"2020-08-31 17:10:12"}
info: Listening on port 3000... {"timestamp":"2020-08-31 17:10:13"}
info: Connected to mongodb://localhost:27017/vidly_tests {"timestamp":"2020-08-31 17:10:13"}
info: Listening on port 3000... {"timestamp":"2020-08-31 17:12:36"}
info: Connected to mongodb://localhost:27017/vidly_tests {"timestamp":"2020-08-31 17:12:36"}
info: Listening on port 3000... {"timestamp":"2020-08-31 17:12:37"}
info: Connected to mongodb://localhost:27017/vidly_tests {"timestamp":"2020-08-31 17:12:37"}
info: Listening on port 3000... {"timestamp":"2020-08-31 17:15:19"}
info: Connected to mongodb://localhost:27017/vidly_tests {"timestamp":"2020-08-31 17:15:19"}
info: Listening on port 3000... {"timestamp":"2020-08-31 17:15:20"}
info: Connected to mongodb://localhost:27017/vidly_tests {"timestamp":"2020-08-31 17:15:20"}
info: Listening on port 3000... {"timestamp":"2020-08-31 17:15:49"}
info: Connected to mongodb://localhost:27017/vidly_tests {"timestamp":"2020-08-31 17:15:49"}
info: Listening on port 3000... {"timestamp":"2020-08-31 17:15:50"}
info: Connected to mongodb://localhost:27017/vidly_tests {"timestamp":"2020-08-31 17:15:50"}
info: Listening on port 3000... {"timestamp":"2020-08-31 17:16:05"}
info: Connected to mongodb://localhost:27017/vidly_tests {"timestamp":"2020-08-31 17:16:05"}
info: Listening on port 3000... {"timestamp":"2020-08-31 17:16:06"}
info: Connected to mongodb://localhost:27017/vidly_tests {"timestamp":"2020-08-31 17:16:06"}
info: Listening on port 3000... {"timestamp":"2020-08-31 17:17:07"}
info: Connected to mongodb://localhost:27017/vidly_tests {"timestamp":"2020-08-31 17:17:07"}
info: Listening on port 3000... {"timestamp":"2020-08-31 17:17:08"}
info: Connected to mongodb://localhost:27017/vidly_tests {"timestamp":"2020-08-31 17:17:08"}
